{"C:\\Users\\user\\Desktop\\Fullstack - Master\\aula13-projeto\\convertmymoney\\lib\\api.bcb.js": {"path":"C:\\Users\\user\\Desktop\\Fullstack - Master\\aula13-projeto\\convertmymoney\\lib\\api.bcb.js","statementMap":{"0":{"start":{"line":1,"column":14},"end":{"line":1,"column":30}},"1":{"start":{"line":3,"column":15},"end":{"line":3,"column":236}},"2":{"start":{"line":3,"column":23},"end":{"line":3,"column":236}},"3":{"start":{"line":5,"column":22},"end":{"line":5,"column":43}},"4":{"start":{"line":5,"column":29},"end":{"line":5,"column":43}},"5":{"start":{"line":6,"column":23},"end":{"line":6,"column":60}},"6":{"start":{"line":6,"column":30},"end":{"line":6,"column":60}},"7":{"start":{"line":7,"column":17},"end":{"line":11,"column":1}},"8":{"start":{"line":8,"column":18},"end":{"line":8,"column":28}},"9":{"start":{"line":9,"column":4},"end":{"line":9,"column":81}},"10":{"start":{"line":12,"column":19},"end":{"line":23,"column":1}},"11":{"start":{"line":12,"column":74},"end":{"line":23,"column":1}},"12":{"start":{"line":13,"column":4},"end":{"line":22,"column":5}},"13":{"start":{"line":14,"column":22},"end":{"line":14,"column":32}},"14":{"start":{"line":15,"column":20},"end":{"line":15,"column":33}},"15":{"start":{"line":17,"column":20},"end":{"line":17,"column":44}},"16":{"start":{"line":18,"column":24},"end":{"line":18,"column":43}},"17":{"start":{"line":19,"column":8},"end":{"line":19,"column":22}},"18":{"start":{"line":21,"column":8},"end":{"line":21,"column":17}},"19":{"start":{"line":25,"column":0},"end":{"line":34,"column":1}}},"fnMap":{"0":{"name":"(anonymous_0)","decl":{"start":{"line":3,"column":15},"end":{"line":3,"column":16}},"loc":{"start":{"line":3,"column":23},"end":{"line":3,"column":236}},"line":3},"1":{"name":"(anonymous_1)","decl":{"start":{"line":5,"column":22},"end":{"line":5,"column":23}},"loc":{"start":{"line":5,"column":29},"end":{"line":5,"column":43}},"line":5},"2":{"name":"(anonymous_2)","decl":{"start":{"line":6,"column":23},"end":{"line":6,"column":24}},"loc":{"start":{"line":6,"column":30},"end":{"line":6,"column":60}},"line":6},"3":{"name":"(anonymous_3)","decl":{"start":{"line":7,"column":17},"end":{"line":7,"column":18}},"loc":{"start":{"line":7,"column":21},"end":{"line":11,"column":1}},"line":7},"4":{"name":"(anonymous_4)","decl":{"start":{"line":12,"column":19},"end":{"line":12,"column":20}},"loc":{"start":{"line":12,"column":74},"end":{"line":23,"column":1}},"line":12},"5":{"name":"(anonymous_5)","decl":{"start":{"line":12,"column":74},"end":{"line":12,"column":75}},"loc":{"start":{"line":12,"column":85},"end":{"line":23,"column":1}},"line":12}},"branchMap":{},"s":{"0":1,"1":1,"2":1,"3":1,"4":1,"5":1,"6":1,"7":1,"8":1,"9":1,"10":1,"11":3,"12":2,"13":2,"14":2,"15":2,"16":1,"17":1,"18":1,"19":1},"f":{"0":1,"1":1,"2":1,"3":1,"4":3,"5":2},"b":{},"_coverageSchema":"1a1c01bbd47fc00a2c39e90264f33305004495a9","hash":"94258825eb248f706e820b579e9932678114cbdc"}
,"C:\\Users\\user\\Desktop\\Fullstack - Master\\aula13-projeto\\convertmymoney\\lib\\convert.js": {"path":"C:\\Users\\user\\Desktop\\Fullstack - Master\\aula13-projeto\\convertmymoney\\lib\\convert.js","statementMap":{"0":{"start":{"line":1,"column":16},"end":{"line":3,"column":1}},"1":{"start":{"line":2,"column":4},"end":{"line":2,"column":31}},"2":{"start":{"line":5,"column":16},"end":{"line":7,"column":1}},"3":{"start":{"line":6,"column":4},"end":{"line":6,"column":39}},"4":{"start":{"line":9,"column":0},"end":{"line":12,"column":1}}},"fnMap":{"0":{"name":"(anonymous_0)","decl":{"start":{"line":1,"column":16},"end":{"line":1,"column":17}},"loc":{"start":{"line":1,"column":41},"end":{"line":3,"column":1}},"line":1},"1":{"name":"(anonymous_1)","decl":{"start":{"line":5,"column":16},"end":{"line":5,"column":17}},"loc":{"start":{"line":5,"column":25},"end":{"line":7,"column":1}},"line":5}},"branchMap":{},"s":{"0":1,"1":2,"2":1,"3":1,"4":1},"f":{"0":2,"1":1},"b":{},"_coverageSchema":"1a1c01bbd47fc00a2c39e90264f33305004495a9","hash":"033bee296d7b4772da9e7b4c240ed48d18e5e97f"}
}
